# JRE version: Java(TM) SE Runtime Environment (8.0_151-b12) (build 1.8.0_151-b12)
# Java VM: Java HotSpot(TM) 64-Bit Server VM (25.151-b12 mixed mode linux-amd64 compressed oops)
Heap:
 PSYoungGen      total 51712K, used 3570K [0x00000000e1d80000, 0x00000000e5380000, 0x0000000100000000)
  eden space 48128K, 0% used [0x00000000e1d80000,0x00000000e1d80000,0x00000000e4c80000)
  from space 3584K, 99% used [0x00000000e4c80000,0x00000000e4ffc8c0,0x00000000e5000000)
  to   space 3584K, 0% used [0x00000000e5000000,0x00000000e5000000,0x00000000e5380000)
 ParOldGen       total 62976K, used 12231K [0x00000000a5800000, 0x00000000a9580000, 0x00000000e1d80000)
  object space 62976K, 19% used [0x00000000a5800000,0x00000000a63f1e78,0x00000000a9580000)
 Metaspace       used 19479K, capacity 19732K, committed 20096K, reserved 1067008K
  class space    used 2268K, capacity 2362K, committed 2432K, reserved 1048576K
GC Heap History (5 events):
Event: 3,308 GC heap before
{Heap before GC invocations=1 (full 0):
 PSYoungGen      total 27648K, used 24064K [0x00000000e1d80000, 0x00000000e3c00000, 0x0000000100000000)
  eden space 24064K, 100% used [0x00000000e1d80000,0x00000000e3500000,0x00000000e3500000)
  from space 3584K, 0% used [0x00000000e3880000,0x00000000e3880000,0x00000000e3c00000)
  to   space 3584K, 0% used [0x00000000e3500000,0x00000000e3500000,0x00000000e3880000)
 ParOldGen       total 62976K, used 0K [0x00000000a5800000, 0x00000000a9580000, 0x00000000e1d80000)
  object space 62976K, 0% used [0x00000000a5800000,0x00000000a5800000,0x00000000a9580000)
 Metaspace       used 8671K, capacity 8748K, committed 9088K, reserved 1056768K
  class space    used 1009K, capacity 1040K, committed 1152K, reserved 1048576K
Event: 3,352 GC heap after
Heap after GC invocations=1 (full 0):
 PSYoungGen      total 27648K, used 3579K [0x00000000e1d80000, 0x00000000e5380000, 0x0000000100000000)
  eden space 24064K, 0% used [0x00000000e1d80000,0x00000000e1d80000,0x00000000e3500000)
  from space 3584K, 99% used [0x00000000e3500000,0x00000000e387ece8,0x00000000e3880000)
  to   space 3584K, 0% used [0x00000000e5000000,0x00000000e5000000,0x00000000e5380000)
 ParOldGen       total 62976K, used 1910K [0x00000000a5800000, 0x00000000a9580000, 0x00000000e1d80000)
  object space 62976K, 3% used [0x00000000a5800000,0x00000000a59ddbe8,0x00000000a9580000)
 Metaspace       used 8671K, capacity 8748K, committed 9088K, reserved 1056768K
  class space    used 1009K, capacity 1040K, committed 1152K, reserved 1048576K
}
Event: 6,993 GC heap before
{Heap before GC invocations=2 (full 0):
 PSYoungGen      total 27648K, used 27643K [0x00000000e1d80000, 0x00000000e5380000, 0x0000000100000000)
  eden space 24064K, 100% used [0x00000000e1d80000,0x00000000e3500000,0x00000000e3500000)
  from space 3584K, 99% used [0x00000000e3500000,0x00000000e387ece8,0x00000000e3880000)
  to   space 3584K, 0% used [0x00000000e5000000,0x00000000e5000000,0x00000000e5380000)
 ParOldGen       total 62976K, used 1910K [0x00000000a5800000, 0x00000000a9580000, 0x00000000e1d80000)
  object space 62976K, 3% used [0x00000000a5800000,0x00000000a59ddbe8,0x00000000a9580000)
 Metaspace       used 14413K, capacity 14592K, committed 14848K, reserved 1062912K
  class space    used 1682K, capacity 1766K, committed 1792K, reserved 1048576K
Event: 7,056 GC heap after
Heap after GC invocations=2 (full 0):
 PSYoungGen      total 51712K, used 3568K [0x00000000e1d80000, 0x00000000e5380000, 0x0000000100000000)
  eden space 48128K, 0% used [0x00000000e1d80000,0x00000000e1d80000,0x00000000e4c80000)
  from space 3584K, 99% used [0x00000000e5000000,0x00000000e537c020,0x00000000e5380000)
  to   space 3584K, 0% used [0x00000000e4c80000,0x00000000e4c80000,0x00000000e5000000)
 ParOldGen       total 62976K, used 4680K [0x00000000a5800000, 0x00000000a9580000, 0x00000000e1d80000)
  object space 62976K, 7% used [0x00000000a5800000,0x00000000a5c92070,0x00000000a9580000)
 Metaspace       used 14413K, capacity 14592K, committed 14848K, reserved 1062912K
  class space    used 1682K, capacity 1766K, committed 1792K, reserved 1048576K
}
Event: 38,497 GC heap before
{Heap before GC invocations=3 (full 0):
 PSYoungGen      total 51712K, used 51696K [0x00000000e1d80000, 0x00000000e5380000, 0x0000000100000000)
  eden space 48128K, 100% used [0x00000000e1d80000,0x00000000e4c80000,0x00000000e4c80000)
  from space 3584K, 99% used [0x00000000e5000000,0x00000000e537c020,0x00000000e5380000)
  to   space 3584K, 0% used [0x00000000e4c80000,0x00000000e4c80000,0x00000000e5000000)
 ParOldGen       total 62976K, used 4680K [0x00000000a5800000, 0x00000000a9580000, 0x00000000e1d80000)
  object space 62976K, 7% used [0x00000000a5800000,0x00000000a5c92070,0x00000000a9580000)
 Metaspace       used 19479K, capacity 19732K, committed 20096K, reserved 1067008K
  class space    used 2268K, capacity 2362K, committed 2432K, reserved 1048576K

